<?xml version="1.0" encoding="UTF-8"?>
<testsuite xmlns:xsi="http://www.w3.org/2001/XMLSchema-instance" xsi:schemaLocation="https://maven.apache.org/surefire/maven-surefire-plugin/xsd/surefire-test-report.xsd" name="com.mockitotutorial.happyhotel.booking.Test05ThrowException" time="0" tests="1" errors="0" skipped="0" failures="0">
  <properties>
[...]
</properties>
  <testcase name="capacityNotMetExceptionTest" classname="com.mockitotutorial.happyhotel.booking.Test05ThrowException" time="0"/>
</testsuite>